This is pdfTeX, Version 3.141592653-2.6-1.40.26 (TeX Live 2024) (preloaded format=pdflatex 2024.4.29)  6 MAY 2024 08:03
entering extended mode
 restricted \write18 enabled.
 %&-line parsing enabled.
**8_algorithms_for_line_follower.tex
(./8_algorithms_for_line_follower.tex
LaTeX2e <2023-11-01> patch level 1
L3 programming layer <2024-02-20>
(/usr/local/texlive/2024basic/texmf-dist/tex/latex/beamer/beamer.cls
Document Class: beamer 2024/01/06 v3.71 A class for typesetting presentations
(/usr/local/texlive/2024basic/texmf-dist/tex/latex/beamer/beamerbasemodes.sty
(/usr/local/texlive/2024basic/texmf-dist/tex/latex/etoolbox/etoolbox.sty
Package: etoolbox 2020/10/05 v2.5k e-TeX tools for LaTeX (JAW)
\etb@tempcnta=\count188
)
\beamer@tempbox=\box51
\beamer@tempcount=\count189
\c@beamerpauses=\count190

(/usr/local/texlive/2024basic/texmf-dist/tex/latex/beamer/beamerbasedecode.sty
\beamer@slideinframe=\count191
\beamer@minimum=\count192
\beamer@decode@box=\box52
)
\beamer@commentbox=\box53
\beamer@modecount=\count193
) (/usr/local/texlive/2024basic/texmf-dist/tex/generic/iftex/iftex.sty
Package: iftex 2022/02/03 v1.0f TeX engine tests
)
\headdp=\dimen140
\footheight=\dimen141
\sidebarheight=\dimen142
\beamer@tempdim=\dimen143
\beamer@finalheight=\dimen144
\beamer@animht=\dimen145
\beamer@animdp=\dimen146
\beamer@animwd=\dimen147
\beamer@leftmargin=\dimen148
\beamer@rightmargin=\dimen149
\beamer@leftsidebar=\dimen150
\beamer@rightsidebar=\dimen151
\beamer@boxsize=\dimen152
\beamer@vboxoffset=\dimen153
\beamer@descdefault=\dimen154
\beamer@descriptionwidth=\dimen155
\beamer@lastskip=\skip48
\beamer@areabox=\box54
\beamer@animcurrent=\box55
\beamer@animshowbox=\box56
\beamer@sectionbox=\box57
\beamer@logobox=\box58
\beamer@linebox=\box59
\beamer@sectioncount=\count194
\beamer@subsubsectionmax=\count195
\beamer@subsectionmax=\count196
\beamer@sectionmax=\count197
\beamer@totalheads=\count198
\beamer@headcounter=\count199
\beamer@partstartpage=\count266
\beamer@sectionstartpage=\count267
\beamer@subsectionstartpage=\count268
\beamer@animationtempa=\count269
\beamer@animationtempb=\count270
\beamer@xpos=\count271
\beamer@ypos=\count272
\beamer@ypos@offset=\count273
\beamer@showpartnumber=\count274
\beamer@currentsubsection=\count275
\beamer@coveringdepth=\count276
\beamer@sectionadjust=\count277
\beamer@toclastsection=\count278
\beamer@tocsectionnumber=\count279

(/usr/local/texlive/2024basic/texmf-dist/tex/latex/beamer/beamerbaseoptions.sty
(/usr/local/texlive/2024basic/texmf-dist/tex/latex/graphics/keyval.sty
Package: keyval 2022/05/29 v1.15 key=value parser (DPC)
\KV@toks@=\toks17
))
\beamer@paperwidth=\skip49
\beamer@paperheight=\skip50

(/usr/local/texlive/2024basic/texmf-dist/tex/latex/geometry/geometry.sty
Package: geometry 2020/01/02 v5.9 Page Geometry

(/usr/local/texlive/2024basic/texmf-dist/tex/generic/iftex/ifvtex.sty
Package: ifvtex 2019/10/25 v1.7 ifvtex legacy package. Use iftex instead.
)
\Gm@cnth=\count280
\Gm@cntv=\count281
\c@Gm@tempcnt=\count282
\Gm@bindingoffset=\dimen156
\Gm@wd@mp=\dimen157
\Gm@odd@mp=\dimen158
\Gm@even@mp=\dimen159
\Gm@layoutwidth=\dimen160
\Gm@layoutheight=\dimen161
\Gm@layouthoffset=\dimen162
\Gm@layoutvoffset=\dimen163
\Gm@dimlist=\toks18
)
(/usr/local/texlive/2024basic/texmf-dist/tex/latex/pgf/math/pgfmath.sty
(/usr/local/texlive/2024basic/texmf-dist/tex/latex/pgf/utilities/pgfrcs.sty
(/usr/local/texlive/2024basic/texmf-dist/tex/generic/pgf/utilities/pgfutil-comm
on.tex
\pgfutil@everybye=\toks19
\pgfutil@tempdima=\dimen164
\pgfutil@tempdimb=\dimen165
)
(/usr/local/texlive/2024basic/texmf-dist/tex/generic/pgf/utilities/pgfutil-late
x.def
\pgfutil@abb=\box60
)
(/usr/local/texlive/2024basic/texmf-dist/tex/generic/pgf/utilities/pgfrcs.code.
tex (/usr/local/texlive/2024basic/texmf-dist/tex/generic/pgf/pgf.revision.tex)
Package: pgfrcs 2023-01-15 v3.1.10 (3.1.10)
)) (/usr/local/texlive/2024basic/texmf-dist/tex/latex/pgf/utilities/pgfkeys.sty

(/usr/local/texlive/2024basic/texmf-dist/tex/generic/pgf/utilities/pgfkeys.code
.tex
\pgfkeys@pathtoks=\toks20
\pgfkeys@temptoks=\toks21

(/usr/local/texlive/2024basic/texmf-dist/tex/generic/pgf/utilities/pgfkeyslibra
ryfiltered.code.tex
\pgfkeys@tmptoks=\toks22
)))
(/usr/local/texlive/2024basic/texmf-dist/tex/generic/pgf/math/pgfmath.code.tex
(/usr/local/texlive/2024basic/texmf-dist/tex/generic/pgf/math/pgfmathutil.code.
tex
\pgf@x=\dimen166
\pgf@xa=\dimen167
\pgf@xb=\dimen168
\pgf@xc=\dimen169
\pgf@y=\dimen170
\pgf@ya=\dimen171
\pgf@yb=\dimen172
\pgf@yc=\dimen173
\c@pgf@counta=\count283
\c@pgf@countb=\count284
\c@pgf@countc=\count285
\c@pgf@countd=\count286
)
(/usr/local/texlive/2024basic/texmf-dist/tex/generic/pgf/math/pgfmathparser.cod
e.tex
\pgfmath@dimen=\dimen174
\pgfmath@count=\count287
\pgfmath@box=\box61
\pgfmath@toks=\toks23
\pgfmath@stack@operand=\toks24
\pgfmath@stack@operation=\toks25
)
(/usr/local/texlive/2024basic/texmf-dist/tex/generic/pgf/math/pgfmathfunctions.
code.tex)
(/usr/local/texlive/2024basic/texmf-dist/tex/generic/pgf/math/pgfmathfunctions.
basic.code.tex)
(/usr/local/texlive/2024basic/texmf-dist/tex/generic/pgf/math/pgfmathfunctions.
trigonometric.code.tex)
(/usr/local/texlive/2024basic/texmf-dist/tex/generic/pgf/math/pgfmathfunctions.
random.code.tex)
(/usr/local/texlive/2024basic/texmf-dist/tex/generic/pgf/math/pgfmathfunctions.
comparison.code.tex)
(/usr/local/texlive/2024basic/texmf-dist/tex/generic/pgf/math/pgfmathfunctions.
base.code.tex)
(/usr/local/texlive/2024basic/texmf-dist/tex/generic/pgf/math/pgfmathfunctions.
round.code.tex)
(/usr/local/texlive/2024basic/texmf-dist/tex/generic/pgf/math/pgfmathfunctions.
misc.code.tex)
(/usr/local/texlive/2024basic/texmf-dist/tex/generic/pgf/math/pgfmathfunctions.
integerarithmetics.code.tex)
(/usr/local/texlive/2024basic/texmf-dist/tex/generic/pgf/math/pgfmathcalc.code.
tex)
(/usr/local/texlive/2024basic/texmf-dist/tex/generic/pgf/math/pgfmathfloat.code
.tex
\c@pgfmathroundto@lastzeros=\count288
))) (/usr/local/texlive/2024basic/texmf-dist/tex/latex/base/size11.clo
File: size11.clo 2023/05/17 v1.4n Standard LaTeX file (size option)
)
(/usr/local/texlive/2024basic/texmf-dist/tex/latex/pgf/basiclayer/pgfcore.sty
(/usr/local/texlive/2024basic/texmf-dist/tex/latex/graphics/graphicx.sty
Package: graphicx 2021/09/16 v1.2d Enhanced LaTeX Graphics (DPC,SPQR)

(/usr/local/texlive/2024basic/texmf-dist/tex/latex/graphics/graphics.sty
Package: graphics 2022/03/10 v1.4e Standard LaTeX Graphics (DPC,SPQR)

(/usr/local/texlive/2024basic/texmf-dist/tex/latex/graphics/trig.sty
Package: trig 2021/08/11 v1.11 sin cos tan (DPC)
)
(/usr/local/texlive/2024basic/texmf-dist/tex/latex/graphics-cfg/graphics.cfg
File: graphics.cfg 2016/06/04 v1.11 sample graphics configuration
)
Package graphics Info: Driver file: pdftex.def on input line 107.

(/usr/local/texlive/2024basic/texmf-dist/tex/latex/graphics-def/pdftex.def
File: pdftex.def 2022/09/22 v1.2b Graphics/color driver for pdftex
))
\Gin@req@height=\dimen175
\Gin@req@width=\dimen176
)
(/usr/local/texlive/2024basic/texmf-dist/tex/latex/pgf/systemlayer/pgfsys.sty
(/usr/local/texlive/2024basic/texmf-dist/tex/generic/pgf/systemlayer/pgfsys.cod
e.tex
Package: pgfsys 2023-01-15 v3.1.10 (3.1.10)
\pgf@x=\dimen177
\pgf@y=\dimen178
\pgf@xa=\dimen179
\pgf@ya=\dimen180
\pgf@xb=\dimen181
\pgf@yb=\dimen182
\pgf@xc=\dimen183
\pgf@yc=\dimen184
\pgf@xd=\dimen185
\pgf@yd=\dimen186
\w@pgf@writea=\write3
\r@pgf@reada=\read2
\c@pgf@counta=\count289
\c@pgf@countb=\count290
\c@pgf@countc=\count291
\c@pgf@countd=\count292
\t@pgf@toka=\toks26
\t@pgf@tokb=\toks27
\t@pgf@tokc=\toks28
\pgf@sys@id@count=\count293

(/usr/local/texlive/2024basic/texmf-dist/tex/generic/pgf/systemlayer/pgf.cfg
File: pgf.cfg 2023-01-15 v3.1.10 (3.1.10)
)
Driver file for pgf: pgfsys-pdftex.def

(/usr/local/texlive/2024basic/texmf-dist/tex/generic/pgf/systemlayer/pgfsys-pdf
tex.def
File: pgfsys-pdftex.def 2023-01-15 v3.1.10 (3.1.10)

(/usr/local/texlive/2024basic/texmf-dist/tex/generic/pgf/systemlayer/pgfsys-com
mon-pdf.def
File: pgfsys-common-pdf.def 2023-01-15 v3.1.10 (3.1.10)
)))
(/usr/local/texlive/2024basic/texmf-dist/tex/generic/pgf/systemlayer/pgfsyssoft
path.code.tex
File: pgfsyssoftpath.code.tex 2023-01-15 v3.1.10 (3.1.10)
\pgfsyssoftpath@smallbuffer@items=\count294
\pgfsyssoftpath@bigbuffer@items=\count295
)
(/usr/local/texlive/2024basic/texmf-dist/tex/generic/pgf/systemlayer/pgfsysprot
ocol.code.tex
File: pgfsysprotocol.code.tex 2023-01-15 v3.1.10 (3.1.10)
))
(/usr/local/texlive/2024basic/texmf-dist/tex/latex/xcolor/xcolor.sty
Package: xcolor 2023/11/15 v3.01 LaTeX color extensions (UK)

(/usr/local/texlive/2024basic/texmf-dist/tex/latex/graphics-cfg/color.cfg
File: color.cfg 2016/01/02 v1.6 sample color configuration
)
Package xcolor Info: Driver file: pdftex.def on input line 274.

(/usr/local/texlive/2024basic/texmf-dist/tex/latex/graphics/mathcolor.ltx)
Package xcolor Info: Model `cmy' substituted by `cmy0' on input line 1350.
Package xcolor Info: Model `hsb' substituted by `rgb' on input line 1354.
Package xcolor Info: Model `RGB' extended on input line 1366.
Package xcolor Info: Model `HTML' substituted by `rgb' on input line 1368.
Package xcolor Info: Model `Hsb' substituted by `hsb' on input line 1369.
Package xcolor Info: Model `tHsb' substituted by `hsb' on input line 1370.
Package xcolor Info: Model `HSB' substituted by `hsb' on input line 1371.
Package xcolor Info: Model `Gray' substituted by `gray' on input line 1372.
Package xcolor Info: Model `wave' substituted by `hsb' on input line 1373.
)
(/usr/local/texlive/2024basic/texmf-dist/tex/generic/pgf/basiclayer/pgfcore.cod
e.tex
Package: pgfcore 2023-01-15 v3.1.10 (3.1.10)

(/usr/local/texlive/2024basic/texmf-dist/tex/generic/pgf/math/pgfint.code.tex)
(/usr/local/texlive/2024basic/texmf-dist/tex/generic/pgf/basiclayer/pgfcorepoin
ts.code.tex
File: pgfcorepoints.code.tex 2023-01-15 v3.1.10 (3.1.10)
\pgf@picminx=\dimen187
\pgf@picmaxx=\dimen188
\pgf@picminy=\dimen189
\pgf@picmaxy=\dimen190
\pgf@pathminx=\dimen191
\pgf@pathmaxx=\dimen192
\pgf@pathminy=\dimen193
\pgf@pathmaxy=\dimen194
\pgf@xx=\dimen195
\pgf@xy=\dimen196
\pgf@yx=\dimen197
\pgf@yy=\dimen198
\pgf@zx=\dimen199
\pgf@zy=\dimen256
)
(/usr/local/texlive/2024basic/texmf-dist/tex/generic/pgf/basiclayer/pgfcorepath
construct.code.tex
File: pgfcorepathconstruct.code.tex 2023-01-15 v3.1.10 (3.1.10)
\pgf@path@lastx=\dimen257
\pgf@path@lasty=\dimen258
)
(/usr/local/texlive/2024basic/texmf-dist/tex/generic/pgf/basiclayer/pgfcorepath
usage.code.tex
File: pgfcorepathusage.code.tex 2023-01-15 v3.1.10 (3.1.10)
\pgf@shorten@end@additional=\dimen259
\pgf@shorten@start@additional=\dimen260
)
(/usr/local/texlive/2024basic/texmf-dist/tex/generic/pgf/basiclayer/pgfcorescop
es.code.tex
File: pgfcorescopes.code.tex 2023-01-15 v3.1.10 (3.1.10)
\pgfpic=\box62
\pgf@hbox=\box63
\pgf@layerbox@main=\box64
\pgf@picture@serial@count=\count296
)
(/usr/local/texlive/2024basic/texmf-dist/tex/generic/pgf/basiclayer/pgfcoregrap
hicstate.code.tex
File: pgfcoregraphicstate.code.tex 2023-01-15 v3.1.10 (3.1.10)
\pgflinewidth=\dimen261
)
(/usr/local/texlive/2024basic/texmf-dist/tex/generic/pgf/basiclayer/pgfcoretran
sformations.code.tex
File: pgfcoretransformations.code.tex 2023-01-15 v3.1.10 (3.1.10)
\pgf@pt@x=\dimen262
\pgf@pt@y=\dimen263
\pgf@pt@temp=\dimen264
)
(/usr/local/texlive/2024basic/texmf-dist/tex/generic/pgf/basiclayer/pgfcorequic
k.code.tex
File: pgfcorequick.code.tex 2023-01-15 v3.1.10 (3.1.10)
)
(/usr/local/texlive/2024basic/texmf-dist/tex/generic/pgf/basiclayer/pgfcoreobje
cts.code.tex
File: pgfcoreobjects.code.tex 2023-01-15 v3.1.10 (3.1.10)
)
(/usr/local/texlive/2024basic/texmf-dist/tex/generic/pgf/basiclayer/pgfcorepath
processing.code.tex
File: pgfcorepathprocessing.code.tex 2023-01-15 v3.1.10 (3.1.10)
)
(/usr/local/texlive/2024basic/texmf-dist/tex/generic/pgf/basiclayer/pgfcorearro
ws.code.tex
File: pgfcorearrows.code.tex 2023-01-15 v3.1.10 (3.1.10)
\pgfarrowsep=\dimen265
)
(/usr/local/texlive/2024basic/texmf-dist/tex/generic/pgf/basiclayer/pgfcoreshad
e.code.tex
File: pgfcoreshade.code.tex 2023-01-15 v3.1.10 (3.1.10)
\pgf@max=\dimen266
\pgf@sys@shading@range@num=\count297
\pgf@shadingcount=\count298
)
(/usr/local/texlive/2024basic/texmf-dist/tex/generic/pgf/basiclayer/pgfcoreimag
e.code.tex
File: pgfcoreimage.code.tex 2023-01-15 v3.1.10 (3.1.10)
)
(/usr/local/texlive/2024basic/texmf-dist/tex/generic/pgf/basiclayer/pgfcoreexte
rnal.code.tex
File: pgfcoreexternal.code.tex 2023-01-15 v3.1.10 (3.1.10)
\pgfexternal@startupbox=\box65
)
(/usr/local/texlive/2024basic/texmf-dist/tex/generic/pgf/basiclayer/pgfcorelaye
rs.code.tex
File: pgfcorelayers.code.tex 2023-01-15 v3.1.10 (3.1.10)
)
(/usr/local/texlive/2024basic/texmf-dist/tex/generic/pgf/basiclayer/pgfcoretran
sparency.code.tex
File: pgfcoretransparency.code.tex 2023-01-15 v3.1.10 (3.1.10)
)
(/usr/local/texlive/2024basic/texmf-dist/tex/generic/pgf/basiclayer/pgfcorepatt
erns.code.tex
File: pgfcorepatterns.code.tex 2023-01-15 v3.1.10 (3.1.10)
)
(/usr/local/texlive/2024basic/texmf-dist/tex/generic/pgf/basiclayer/pgfcorerdf.
code.tex
File: pgfcorerdf.code.tex 2023-01-15 v3.1.10 (3.1.10)
)))
(/usr/local/texlive/2024basic/texmf-dist/tex/latex/pgf/utilities/xxcolor.sty
Package: xxcolor 2003/10/24 ver 0.1
\XC@nummixins=\count299
\XC@countmixins=\count300
)
(/usr/local/texlive/2024basic/texmf-dist/tex/latex/base/atbegshi-ltx.sty
Package: atbegshi-ltx 2021/01/10 v1.0c Emulation of the original atbegshi
package with kernel methods
)
(/usr/local/texlive/2024basic/texmf-dist/tex/latex/hyperref/hyperref.sty
Package: hyperref 2024-01-20 v7.01h Hypertext links for LaTeX

(/usr/local/texlive/2024basic/texmf-dist/tex/latex/kvsetkeys/kvsetkeys.sty
Package: kvsetkeys 2022-10-05 v1.19 Key value parser (HO)
)
(/usr/local/texlive/2024basic/texmf-dist/tex/generic/kvdefinekeys/kvdefinekeys.
sty
Package: kvdefinekeys 2019-12-19 v1.6 Define keys (HO)
)
(/usr/local/texlive/2024basic/texmf-dist/tex/generic/pdfescape/pdfescape.sty
Package: pdfescape 2019/12/09 v1.15 Implements pdfTeX's escape features (HO)

(/usr/local/texlive/2024basic/texmf-dist/tex/generic/ltxcmds/ltxcmds.sty
Package: ltxcmds 2023-12-04 v1.26 LaTeX kernel commands for general use (HO)
)
(/usr/local/texlive/2024basic/texmf-dist/tex/generic/pdftexcmds/pdftexcmds.sty
Package: pdftexcmds 2020-06-27 v0.33 Utility functions of pdfTeX for LuaTeX (HO
)

(/usr/local/texlive/2024basic/texmf-dist/tex/generic/infwarerr/infwarerr.sty
Package: infwarerr 2019/12/03 v1.5 Providing info/warning/error messages (HO)
)
Package pdftexcmds Info: \pdf@primitive is available.
Package pdftexcmds Info: \pdf@ifprimitive is available.
Package pdftexcmds Info: \pdfdraftmode found.
)) (/usr/local/texlive/2024basic/texmf-dist/tex/latex/hycolor/hycolor.sty
Package: hycolor 2020-01-27 v1.10 Color options for hyperref/bookmark (HO)
)
(/usr/local/texlive/2024basic/texmf-dist/tex/latex/auxhook/auxhook.sty
Package: auxhook 2019-12-17 v1.6 Hooks for auxiliary files (HO)
)
(/usr/local/texlive/2024basic/texmf-dist/tex/latex/hyperref/nameref.sty
Package: nameref 2023-11-26 v2.56 Cross-referencing by name of section

(/usr/local/texlive/2024basic/texmf-dist/tex/latex/refcount/refcount.sty
Package: refcount 2019/12/15 v3.6 Data extraction from label references (HO)
)
(/usr/local/texlive/2024basic/texmf-dist/tex/generic/gettitlestring/gettitlestr
ing.sty
Package: gettitlestring 2019/12/15 v1.6 Cleanup title references (HO)

(/usr/local/texlive/2024basic/texmf-dist/tex/latex/kvoptions/kvoptions.sty
Package: kvoptions 2022-06-15 v3.15 Key value format for package options (HO)
))
\c@section@level=\count301
)
\@linkdim=\dimen267
\Hy@linkcounter=\count302
\Hy@pagecounter=\count303

(/usr/local/texlive/2024basic/texmf-dist/tex/latex/hyperref/pd1enc.def
File: pd1enc.def 2024-01-20 v7.01h Hyperref: PDFDocEncoding definition (HO)
Now handling font encoding PD1 ...
... no UTF-8 mapping file for font encoding PD1
)
(/usr/local/texlive/2024basic/texmf-dist/tex/generic/intcalc/intcalc.sty
Package: intcalc 2019/12/15 v1.3 Expandable calculations with integers (HO)
)
\Hy@SavedSpaceFactor=\count304

(/usr/local/texlive/2024basic/texmf-dist/tex/latex/hyperref/puenc.def
File: puenc.def 2024-01-20 v7.01h Hyperref: PDF Unicode definition (HO)
Now handling font encoding PU ...
... no UTF-8 mapping file for font encoding PU
)
Package hyperref Info: Option `bookmarks' set `true' on input line 4062.
Package hyperref Info: Option `bookmarksopen' set `true' on input line 4062.
Package hyperref Info: Option `implicit' set `false' on input line 4062.
Package hyperref Info: Hyper figures OFF on input line 4179.
Package hyperref Info: Link nesting OFF on input line 4184.
Package hyperref Info: Hyper index ON on input line 4187.
Package hyperref Info: Plain pages OFF on input line 4194.
Package hyperref Info: Backreferencing OFF on input line 4199.
Package hyperref Info: Implicit mode OFF; no redefinition of LaTeX internals.
Package hyperref Info: Bookmarks ON on input line 4446.
\c@Hy@tempcnt=\count305

(/usr/local/texlive/2024basic/texmf-dist/tex/latex/url/url.sty
\Urlmuskip=\muskip16
Package: url 2013/09/16  ver 3.4  Verb mode for urls, etc.
)
LaTeX Info: Redefining \url on input line 4784.
\XeTeXLinkMargin=\dimen268

(/usr/local/texlive/2024basic/texmf-dist/tex/generic/bitset/bitset.sty
Package: bitset 2019/12/09 v1.3 Handle bit-vector datatype (HO)

(/usr/local/texlive/2024basic/texmf-dist/tex/generic/bigintcalc/bigintcalc.sty
Package: bigintcalc 2019/12/15 v1.5 Expandable calculations on big integers (HO
)
))
\Fld@menulength=\count306
\Field@Width=\dimen269
\Fld@charsize=\dimen270
Package hyperref Info: Hyper figures OFF on input line 6063.
Package hyperref Info: Link nesting OFF on input line 6068.
Package hyperref Info: Hyper index ON on input line 6071.
Package hyperref Info: backreferencing OFF on input line 6078.
Package hyperref Info: Link coloring OFF on input line 6083.
Package hyperref Info: Link coloring with OCG OFF on input line 6088.
Package hyperref Info: PDF/A mode OFF on input line 6093.
\Hy@abspage=\count307


Package hyperref Message: Stopped early.

)
Package hyperref Info: Driver (autodetected): hpdftex.
 (/usr/local/texlive/2024basic/texmf-dist/tex/latex/hyperref/hpdftex.def
File: hpdftex.def 2024-01-20 v7.01h Hyperref driver for pdfTeX

(/usr/local/texlive/2024basic/texmf-dist/tex/latex/base/atveryend-ltx.sty
Package: atveryend-ltx 2020/08/19 v1.0a Emulation of the original atveryend pac
kage
with kernel methods
)
\Fld@listcount=\count308
\c@bookmark@seq@number=\count309

(/usr/local/texlive/2024basic/texmf-dist/tex/latex/rerunfilecheck/rerunfilechec
k.sty
Package: rerunfilecheck 2022-07-10 v1.10 Rerun checks for auxiliary files (HO)

(/usr/local/texlive/2024basic/texmf-dist/tex/generic/uniquecounter/uniquecounte
r.sty
Package: uniquecounter 2019/12/15 v1.4 Provide unlimited unique counter (HO)
)
Package uniquecounter Info: New unique counter `rerunfilecheck' on input line 2
85.
))
(/usr/local/texlive/2024basic/texmf-dist/tex/latex/beamer/beamerbaserequires.st
y
(/usr/local/texlive/2024basic/texmf-dist/tex/latex/beamer/beamerbasecompatibili
ty.sty)
(/usr/local/texlive/2024basic/texmf-dist/tex/latex/beamer/beamerbasefont.sty
(/usr/local/texlive/2024basic/texmf-dist/tex/latex/amsfonts/amssymb.sty
Package: amssymb 2013/01/14 v3.01 AMS font symbols

(/usr/local/texlive/2024basic/texmf-dist/tex/latex/amsfonts/amsfonts.sty
Package: amsfonts 2013/01/14 v3.01 Basic AMSFonts support
\@emptytoks=\toks29
\symAMSa=\mathgroup4
\symAMSb=\mathgroup5
LaTeX Font Info:    Redeclaring math symbol \hbar on input line 98.
LaTeX Font Info:    Overwriting math alphabet `\mathfrak' in version `bold'
(Font)                  U/euf/m/n --> U/euf/b/n on input line 106.
)))
(/usr/local/texlive/2024basic/texmf-dist/tex/latex/beamer/beamerbasetranslator.
sty
(/usr/local/texlive/2024basic/texmf-dist/tex/latex/translator/translator.sty
Package: translator 2021-05-31 v1.12d Easy translation of strings in LaTeX
))
(/usr/local/texlive/2024basic/texmf-dist/tex/latex/beamer/beamerbasemisc.sty)
(/usr/local/texlive/2024basic/texmf-dist/tex/latex/beamer/beamerbasetwoscreens.
sty)
(/usr/local/texlive/2024basic/texmf-dist/tex/latex/beamer/beamerbaseoverlay.sty
\beamer@argscount=\count310
\beamer@lastskipcover=\skip51
\beamer@trivlistdepth=\count311
) (/usr/local/texlive/2024basic/texmf-dist/tex/latex/beamer/beamerbasetitle.sty
)
(/usr/local/texlive/2024basic/texmf-dist/tex/latex/beamer/beamerbasesection.sty
\c@lecture=\count312
\c@part=\count313
\c@section=\count314
\c@subsection=\count315
\c@subsubsection=\count316
) (/usr/local/texlive/2024basic/texmf-dist/tex/latex/beamer/beamerbaseframe.sty
\beamer@framebox=\box66
\beamer@frametitlebox=\box67
\beamer@zoombox=\box68
\beamer@zoomcount=\count317
\beamer@zoomframecount=\count318
\beamer@frametextheight=\dimen271
\c@subsectionslide=\count319
\beamer@frametopskip=\skip52
\beamer@framebottomskip=\skip53
\beamer@frametopskipautobreak=\skip54
\beamer@framebottomskipautobreak=\skip55
\beamer@envbody=\toks30
\framewidth=\dimen272
\c@framenumber=\count320
)
(/usr/local/texlive/2024basic/texmf-dist/tex/latex/beamer/beamerbaseverbatim.st
y
\beamer@verbatimfileout=\write4
)
(/usr/local/texlive/2024basic/texmf-dist/tex/latex/beamer/beamerbaseframesize.s
ty
\beamer@splitbox=\box69
\beamer@autobreakcount=\count321
\beamer@autobreaklastheight=\dimen273
\beamer@frametitletoks=\toks31
\beamer@framesubtitletoks=\toks32
)
(/usr/local/texlive/2024basic/texmf-dist/tex/latex/beamer/beamerbaseframecompon
ents.sty
\beamer@footins=\box70
)
(/usr/local/texlive/2024basic/texmf-dist/tex/latex/beamer/beamerbasecolor.sty)
(/usr/local/texlive/2024basic/texmf-dist/tex/latex/beamer/beamerbasenotes.sty
\beamer@frameboxcopy=\box71
)
(/usr/local/texlive/2024basic/texmf-dist/tex/latex/beamer/beamerbasetoc.sty)
(/usr/local/texlive/2024basic/texmf-dist/tex/latex/beamer/beamerbasetemplates.s
ty
\beamer@sbttoks=\toks33

(/usr/local/texlive/2024basic/texmf-dist/tex/latex/beamer/beamerbaseauxtemplate
s.sty
(/usr/local/texlive/2024basic/texmf-dist/tex/latex/beamer/beamerbaseboxes.sty
\bmb@box=\box72
\bmb@colorbox=\box73
\bmb@boxwidth=\dimen274
\bmb@boxheight=\dimen275
\bmb@prevheight=\dimen276
\bmb@temp=\dimen277
\bmb@dima=\dimen278
\bmb@dimb=\dimen279
\bmb@prevheight=\dimen280
)
\beamer@blockheadheight=\dimen281
))
(/usr/local/texlive/2024basic/texmf-dist/tex/latex/beamer/beamerbaselocalstruct
ure.sty (/usr/local/texlive/2024basic/texmf-dist/tex/latex/tools/enumerate.sty
Package: enumerate 2023/07/04 v3.00 enumerate extensions (DPC)
\@enLab=\toks34
)
\beamer@bibiconwidth=\skip56
\c@figure=\count322
\c@table=\count323
\abovecaptionskip=\skip57
\belowcaptionskip=\skip58
)
(/usr/local/texlive/2024basic/texmf-dist/tex/latex/beamer/beamerbasenavigation.
sty
(/usr/local/texlive/2024basic/texmf-dist/tex/latex/beamer/beamerbasenavigations
ymbols.tex)
\beamer@section@min@dim=\dimen282
)
(/usr/local/texlive/2024basic/texmf-dist/tex/latex/beamer/beamerbasetheorems.st
y (/usr/local/texlive/2024basic/texmf-dist/tex/latex/amsmath/amsmath.sty
Package: amsmath 2023/05/13 v2.17o AMS math features
\@mathmargin=\skip59

For additional information on amsmath, use the `?' option.
(/usr/local/texlive/2024basic/texmf-dist/tex/latex/amsmath/amstext.sty
Package: amstext 2021/08/26 v2.01 AMS text

(/usr/local/texlive/2024basic/texmf-dist/tex/latex/amsmath/amsgen.sty
File: amsgen.sty 1999/11/30 v2.0 generic functions
\@emptytoks=\toks35
\ex@=\dimen283
))
(/usr/local/texlive/2024basic/texmf-dist/tex/latex/amsmath/amsbsy.sty
Package: amsbsy 1999/11/29 v1.2d Bold Symbols
\pmbraise@=\dimen284
)
(/usr/local/texlive/2024basic/texmf-dist/tex/latex/amsmath/amsopn.sty
Package: amsopn 2022/04/08 v2.04 operator names
)
\inf@bad=\count324
LaTeX Info: Redefining \frac on input line 234.
\uproot@=\count325
\leftroot@=\count326
LaTeX Info: Redefining \overline on input line 399.
LaTeX Info: Redefining \colon on input line 410.
\classnum@=\count327
\DOTSCASE@=\count328
LaTeX Info: Redefining \ldots on input line 496.
LaTeX Info: Redefining \dots on input line 499.
LaTeX Info: Redefining \cdots on input line 620.
\Mathstrutbox@=\box74
\strutbox@=\box75
LaTeX Info: Redefining \big on input line 722.
LaTeX Info: Redefining \Big on input line 723.
LaTeX Info: Redefining \bigg on input line 724.
LaTeX Info: Redefining \Bigg on input line 725.
\big@size=\dimen285
LaTeX Font Info:    Redeclaring font encoding OML on input line 743.
LaTeX Font Info:    Redeclaring font encoding OMS on input line 744.
\macc@depth=\count329
LaTeX Info: Redefining \bmod on input line 905.
LaTeX Info: Redefining \pmod on input line 910.
LaTeX Info: Redefining \smash on input line 940.
LaTeX Info: Redefining \relbar on input line 970.
LaTeX Info: Redefining \Relbar on input line 971.
\c@MaxMatrixCols=\count330
\dotsspace@=\muskip17
\c@parentequation=\count331
\dspbrk@lvl=\count332
\tag@help=\toks36
\row@=\count333
\column@=\count334
\maxfields@=\count335
\andhelp@=\toks37
\eqnshift@=\dimen286
\alignsep@=\dimen287
\tagshift@=\dimen288
\tagwidth@=\dimen289
\totwidth@=\dimen290
\lineht@=\dimen291
\@envbody=\toks38
\multlinegap=\skip60
\multlinetaggap=\skip61
\mathdisplay@stack=\toks39
LaTeX Info: Redefining \[ on input line 2953.
LaTeX Info: Redefining \] on input line 2954.
)
(/usr/local/texlive/2024basic/texmf-dist/tex/latex/amscls/amsthm.sty
Package: amsthm 2020/05/29 v2.20.6
\thm@style=\toks40
\thm@bodyfont=\toks41
\thm@headfont=\toks42
\thm@notefont=\toks43
\thm@headpunct=\toks44
\thm@preskip=\skip62
\thm@postskip=\skip63
\thm@headsep=\skip64
\dth@everypar=\toks45
)
\c@theorem=\count336
)
(/usr/local/texlive/2024basic/texmf-dist/tex/latex/beamer/beamerbasethemes.sty)
)
(/usr/local/texlive/2024basic/texmf-dist/tex/latex/beamer/beamerthemedefault.st
y
(/usr/local/texlive/2024basic/texmf-dist/tex/latex/beamer/beamerfontthemedefaul
t.sty)
(/usr/local/texlive/2024basic/texmf-dist/tex/latex/beamer/beamercolorthemedefau
lt.sty)
(/usr/local/texlive/2024basic/texmf-dist/tex/latex/beamer/beamerinnerthemedefau
lt.sty
\beamer@dima=\dimen292
\beamer@dimb=\dimen293
)
(/usr/local/texlive/2024basic/texmf-dist/tex/latex/beamer/beamerouterthemedefau
lt.sty)))
(/usr/local/texlive/2024basic/texmf-dist/tex/latex/beamer/beamerthemeWarsaw.sty

(/usr/local/texlive/2024basic/texmf-dist/tex/latex/beamer/beamerinnerthemeround
ed.sty)
(/usr/local/texlive/2024basic/texmf-dist/tex/latex/beamer/beamerouterthemeshado
w.sty
(/usr/local/texlive/2024basic/texmf-dist/tex/latex/beamer/beamerouterthemesplit
.sty))
(/usr/local/texlive/2024basic/texmf-dist/tex/latex/beamer/beamercolorthemeorchi
d.sty)
(/usr/local/texlive/2024basic/texmf-dist/tex/latex/beamer/beamercolorthemewhale
.sty))
(/usr/local/texlive/2024basic/texmf-dist/tex/latex/l3backend/l3backend-pdftex.d
ef
File: l3backend-pdftex.def 2024-02-20 L3 backend support: PDF output (pdfTeX)
\l__color_backend_stack_int=\count337
\l__pdf_internal_box=\box76
) (./8_algorithms_for_line_follower.aux)
\openout1 = `8_algorithms_for_line_follower.aux'.

LaTeX Font Info:    Checking defaults for OML/cmm/m/it on input line 31.
LaTeX Font Info:    ... okay on input line 31.
LaTeX Font Info:    Checking defaults for OMS/cmsy/m/n on input line 31.
LaTeX Font Info:    ... okay on input line 31.
LaTeX Font Info:    Checking defaults for OT1/cmr/m/n on input line 31.
LaTeX Font Info:    ... okay on input line 31.
LaTeX Font Info:    Checking defaults for T1/cmr/m/n on input line 31.
LaTeX Font Info:    ... okay on input line 31.
LaTeX Font Info:    Checking defaults for TS1/cmr/m/n on input line 31.
LaTeX Font Info:    ... okay on input line 31.
LaTeX Font Info:    Checking defaults for OMX/cmex/m/n on input line 31.
LaTeX Font Info:    ... okay on input line 31.
LaTeX Font Info:    Checking defaults for U/cmr/m/n on input line 31.
LaTeX Font Info:    ... okay on input line 31.
LaTeX Font Info:    Checking defaults for PD1/pdf/m/n on input line 31.
LaTeX Font Info:    ... okay on input line 31.
LaTeX Font Info:    Checking defaults for PU/pdf/m/n on input line 31.
LaTeX Font Info:    ... okay on input line 31.

*geometry* driver: auto-detecting
*geometry* detected driver: pdftex
*geometry* verbose mode - [ preamble ] result:
* driver: pdftex
* paper: custom
* layout: <same size as paper>
* layoutoffset:(h,v)=(0.0pt,0.0pt)
* modes: includehead includefoot 
* h-part:(L,W,R)=(28.45274pt, 307.28987pt, 28.45274pt)
* v-part:(T,H,B)=(0.0pt, 273.14662pt, 0.0pt)
* \paperwidth=364.19536pt
* \paperheight=273.14662pt
* \textwidth=307.28987pt
* \textheight=244.6939pt
* \oddsidemargin=-43.81725pt
* \evensidemargin=-43.81725pt
* \topmargin=-72.26999pt
* \headheight=14.22636pt
* \headsep=0.0pt
* \topskip=11.0pt
* \footskip=14.22636pt
* \marginparwidth=4.0pt
* \marginparsep=10.0pt
* \columnsep=10.0pt
* \skip\footins=10.0pt plus 4.0pt minus 2.0pt
* \hoffset=0.0pt
* \voffset=0.0pt
* \mag=1000
* \@twocolumnfalse
* \@twosidefalse
* \@mparswitchfalse
* \@reversemarginfalse
* (1in=72.27pt=25.4mm, 1cm=28.453pt)

(/usr/local/texlive/2024basic/texmf-dist/tex/context/base/mkii/supp-pdf.mkii
[Loading MPS to PDF converter (version 2006.09.02).]
\scratchcounter=\count338
\scratchdimen=\dimen294
\scratchbox=\box77
\nofMPsegments=\count339
\nofMParguments=\count340
\everyMPshowfont=\toks46
\MPscratchCnt=\count341
\MPscratchDim=\dimen295
\MPnumerator=\count342
\makeMPintoPDFobject=\count343
\everyMPtoPDFconversion=\toks47
)
(/usr/local/texlive/2024basic/texmf-dist/tex/latex/epstopdf-pkg/epstopdf-base.s
ty
Package: epstopdf-base 2020-01-24 v2.11 Base part for package epstopdf
Package epstopdf-base Info: Redefining graphics rule for `.eps' on input line 4
85.

(/usr/local/texlive/2024basic/texmf-dist/tex/latex/latexconfig/epstopdf-sys.cfg
File: epstopdf-sys.cfg 2010/07/13 v1.3 Configuration of (r)epstopdf for TeX Liv
e
))
Package hyperref Info: Link coloring OFF on input line 31.
 (./8_algorithms_for_line_follower.out) (./8_algorithms_for_line_follower.out)
\@outlinefile=\write5
\openout5 = `8_algorithms_for_line_follower.out'.

LaTeX Font Info:    Overwriting symbol font `operators' in version `normal'
(Font)                  OT1/cmr/m/n --> OT1/cmss/m/n on input line 31.
LaTeX Font Info:    Overwriting symbol font `operators' in version `bold'
(Font)                  OT1/cmr/bx/n --> OT1/cmss/b/n on input line 31.
\symnumbers=\mathgroup6
\sympureletters=\mathgroup7
LaTeX Font Info:    Overwriting math alphabet `\mathrm' in version `normal'
(Font)                  OT1/cmss/m/n --> OT1/cmr/m/n on input line 31.
LaTeX Font Info:    Redeclaring math alphabet \mathbf on input line 31.
LaTeX Font Info:    Overwriting math alphabet `\mathbf' in version `normal'
(Font)                  OT1/cmr/bx/n --> OT1/cmss/b/n on input line 31.
LaTeX Font Info:    Overwriting math alphabet `\mathbf' in version `bold'
(Font)                  OT1/cmr/bx/n --> OT1/cmss/b/n on input line 31.
LaTeX Font Info:    Redeclaring math alphabet \mathsf on input line 31.
LaTeX Font Info:    Overwriting math alphabet `\mathsf' in version `normal'
(Font)                  OT1/cmss/m/n --> OT1/cmss/m/n on input line 31.
LaTeX Font Info:    Overwriting math alphabet `\mathsf' in version `bold'
(Font)                  OT1/cmss/bx/n --> OT1/cmss/m/n on input line 31.
LaTeX Font Info:    Redeclaring math alphabet \mathit on input line 31.
LaTeX Font Info:    Overwriting math alphabet `\mathit' in version `normal'
(Font)                  OT1/cmr/m/it --> OT1/cmss/m/it on input line 31.
LaTeX Font Info:    Overwriting math alphabet `\mathit' in version `bold'
(Font)                  OT1/cmr/bx/it --> OT1/cmss/m/it on input line 31.
LaTeX Font Info:    Redeclaring math alphabet \mathtt on input line 31.
LaTeX Font Info:    Overwriting math alphabet `\mathtt' in version `normal'
(Font)                  OT1/cmtt/m/n --> OT1/cmtt/m/n on input line 31.
LaTeX Font Info:    Overwriting math alphabet `\mathtt' in version `bold'
(Font)                  OT1/cmtt/m/n --> OT1/cmtt/m/n on input line 31.
LaTeX Font Info:    Overwriting symbol font `numbers' in version `bold'
(Font)                  OT1/cmss/m/n --> OT1/cmss/b/n on input line 31.
LaTeX Font Info:    Overwriting symbol font `pureletters' in version `bold'
(Font)                  OT1/cmss/m/it --> OT1/cmss/b/it on input line 31.
LaTeX Font Info:    Overwriting math alphabet `\mathrm' in version `bold'
(Font)                  OT1/cmss/b/n --> OT1/cmr/b/n on input line 31.
LaTeX Font Info:    Overwriting math alphabet `\mathbf' in version `bold'
(Font)                  OT1/cmss/b/n --> OT1/cmss/b/n on input line 31.
LaTeX Font Info:    Overwriting math alphabet `\mathsf' in version `bold'
(Font)                  OT1/cmss/m/n --> OT1/cmss/b/n on input line 31.
LaTeX Font Info:    Overwriting math alphabet `\mathit' in version `bold'
(Font)                  OT1/cmss/m/it --> OT1/cmss/b/it on input line 31.
LaTeX Font Info:    Overwriting math alphabet `\mathtt' in version `bold'
(Font)                  OT1/cmtt/m/n --> OT1/cmtt/b/n on input line 31.

(/usr/local/texlive/2024basic/texmf-dist/tex/latex/translator/translator-basic-
dictionary-English.dict
Dictionary: translator-basic-dictionary, Language: English 
)
(/usr/local/texlive/2024basic/texmf-dist/tex/latex/translator/translator-biblio
graphy-dictionary-English.dict
Dictionary: translator-bibliography-dictionary, Language: English 
)
(/usr/local/texlive/2024basic/texmf-dist/tex/latex/translator/translator-enviro
nment-dictionary-English.dict
Dictionary: translator-environment-dictionary, Language: English 
)
(/usr/local/texlive/2024basic/texmf-dist/tex/latex/translator/translator-months
-dictionary-English.dict
Dictionary: translator-months-dictionary, Language: English 
)
(/usr/local/texlive/2024basic/texmf-dist/tex/latex/translator/translator-number
s-dictionary-English.dict
Dictionary: translator-numbers-dictionary, Language: English 
)
(/usr/local/texlive/2024basic/texmf-dist/tex/latex/translator/translator-theore
m-dictionary-English.dict
Dictionary: translator-theorem-dictionary, Language: English 
) (./8_algorithms_for_line_follower.nav)
Underfull \hbox (badness 10000) in paragraph at lines 56--56

 []

LaTeX Font Info:    Trying to load font information for U+msa on input line 56.

(/usr/local/texlive/2024basic/texmf-dist/tex/latex/amsfonts/umsa.fd
File: umsa.fd 2013/01/14 v3.01 AMS symbols A
)
LaTeX Font Info:    Trying to load font information for U+msb on input line 56.


(/usr/local/texlive/2024basic/texmf-dist/tex/latex/amsfonts/umsb.fd
File: umsb.fd 2013/01/14 v3.01 AMS symbols B
)
<../images/rl_square.jpg, id=21, 4694.53876pt x 4681.49pt>
File: ../images/rl_square.jpg Graphic file (type jpg)
<use ../images/rl_square.jpg>
Package pdftex.def Info: ../images/rl_square.jpg  used on input line 56.
(pdftex.def)             Requested size: 364.96371pt x 363.88324pt.

Overfull \hbox (3.20169pt too wide) has occurred while \output is active
 []  
 []


Overfull \vbox (90.73662pt too high) has occurred while \output is active []


[1

{/usr/local/texlive/2024basic/texmf-var/fonts/map/pdftex/updmap/pdftex.map} <..
/images/rl_square.jpg>]
<../images/istrobot_2024.jpg, id=53, 4015.0pt x 2260.445pt>
File: ../images/istrobot_2024.jpg Graphic file (type jpg)
<use ../images/istrobot_2024.jpg>
Package pdftex.def Info: ../images/istrobot_2024.jpg  used on input line 83.
(pdftex.def)             Requested size: 180.6672pt x 101.71564pt.
<../images/LinefollowerTrack2024.png, id=54, 746.03719pt x 712.91344pt>
File: ../images/LinefollowerTrack2024.png Graphic file (type png)
<use ../images/LinefollowerTrack2024.png>
Package pdftex.def Info: ../images/LinefollowerTrack2024.png  used on input lin
e 83.
(pdftex.def)             Requested size: 149.20479pt x 142.58015pt.

Overfull \hbox (27.02228pt too wide) in paragraph at lines 83--83
 [][] 
 []


Overfull \vbox (8.15338pt too high) detected at line 83
 []

[2

 <../images/istrobot_2024.jpg> <../images/LinefollowerTrack2024.png>]
<../images/istrobot_2024_results.png, id=87, 694.595pt x 725.71124pt>
File: ../images/istrobot_2024_results.png Graphic file (type png)
<use ../images/istrobot_2024_results.png>
Package pdftex.def Info: ../images/istrobot_2024_results.png  used on input lin
e 107.
(pdftex.def)             Requested size: 173.64832pt x 181.42737pt.

Overfull \hbox (20.00339pt too wide) in paragraph at lines 107--107
 [][] 
 []

[3

 <../images/istrobot_2024_results.png>]
<../images/motors/dc.jpg, id=117, 4015.0pt x 2260.445pt>
File: ../images/motors/dc.jpg Graphic file (type jpg)
<use ../images/motors/dc.jpg>
Package pdftex.def Info: ../images/motors/dc.jpg  used on input line 135.
(pdftex.def)             Requested size: 160.57265pt x 90.40239pt.

Overfull \hbox (6.92772pt too wide) in paragraph at lines 135--135
 [][] 
 []

[4

 <../images/motors/dc.jpg>]
<../images/motors/brushless_1.jpg, id=146, 4641.34pt x 2613.765pt>
File: ../images/motors/brushless_1.jpg Graphic file (type jpg)
<use ../images/motors/brushless_1.jpg>
Package pdftex.def Info: ../images/motors/brushless_1.jpg  used on input line 1
63.
(pdftex.def)             Requested size: 185.62198pt x 104.53279pt.

Overfull \hbox (31.97705pt too wide) in paragraph at lines 163--163
 [][] 
 []

[5

 <../images/motors/brushless_1.jpg>]
<../images/motors/brushless_2.jpg, id=176, 4015.0pt x 4015.0pt>
File: ../images/motors/brushless_2.jpg Graphic file (type jpg)
<use ../images/motors/brushless_2.jpg>
Package pdftex.def Info: ../images/motors/brushless_2.jpg  used on input line 1
74.
(pdftex.def)             Requested size: 240.8896pt x 240.8896pt.

Overfull \vbox (3.7472pt too high) detected at line 174
 []

[6

 <../images/motors/brushless_2.jpg>]
<../images/motors/drivers.jpg, id=204, 2260.445pt x 2849.64626pt>
File: ../images/motors/drivers.jpg Graphic file (type jpg)
<use ../images/motors/drivers.jpg>
Package pdftex.def Info: ../images/motors/drivers.jpg  used on input line 211.
(pdftex.def)             Requested size: 158.24731pt x 199.49562pt.

Overfull \hbox (4.60239pt too wide) in paragraph at lines 211--211
 [][] 
 []

[7

 <../images/motors/drivers.jpg>]
<../images/motors/currents.jpg, id=235, 2613.765pt x 4641.34pt>
File: ../images/motors/currents.jpg Graphic file (type jpg)
<use ../images/motors/currents.jpg>
Package pdftex.def Info: ../images/motors/currents.jpg  used on input line 232.

(pdftex.def)             Requested size: 130.6959pt x 232.0806pt.
<../images/motors/transformations.png, id=236, 578.16pt x 578.16pt>
File: ../images/motors/transformations.png Graphic file (type png)
<use ../images/motors/transformations.png>
Package pdftex.def Info: ../images/motors/transformations.png  used on input li
ne 232.
(pdftex.def)             Requested size: 144.53964pt x 144.53964pt.
 [8

 <../images/motors/currents.jpg> <../images/motors/transformations.png>]
<../images/motors/motor_control-inner_loop.png, id=266, 724.1454pt x 152.4897pt
>
File: ../images/motors/motor_control-inner_loop.png Graphic file (type png)
<use ../images/motors/motor_control-inner_loop.png>
Package pdftex.def Info: ../images/motors/motor_control-inner_loop.png  used on
 input line 241.
(pdftex.def)             Requested size: 289.65303pt x 60.9948pt.
 [9

 <../images/motors/motor_control-inner_loop.png>]
<../images/motors/fixed_point_foc.png, id=297, 555.07375pt x 768.8725pt>
File: ../images/motors/fixed_point_foc.png Graphic file (type png)
<use ../images/motors/fixed_point_foc.png>
Package pdftex.def Info: ../images/motors/fixed_point_foc.png  used on input li
ne 249.
(pdftex.def)             Requested size: 166.52339pt x 230.66353pt.
 [10

 <../images/motors/fixed_point_foc.png>]
<../images/motors/tires_1.jpg, id=327, 4641.34pt x 2613.765pt>
File: ../images/motors/tires_1.jpg Graphic file (type jpg)
<use ../images/motors/tires_1.jpg>
Package pdftex.def Info: ../images/motors/tires_1.jpg  used on input line 259.
(pdftex.def)             Requested size: 324.927pt x 182.98224pt.

Overfull \hbox (17.63713pt too wide) in paragraph at lines 259--259
 [][] 
 []

[11

 <../images/motors/tires_1.jpg>]
<../images/motors/tires_2.jpg, id=356, 4641.34pt x 2613.765pt>
File: ../images/motors/tires_2.jpg Graphic file (type jpg)
<use ../images/motors/tires_2.jpg>
Package pdftex.def Info: ../images/motors/tires_2.jpg  used on input line 269.
(pdftex.def)             Requested size: 324.927pt x 182.98224pt.

Overfull \hbox (17.63713pt too wide) in paragraph at lines 269--269
 [][] 
 []

[12

 <../images/motors/tires_2.jpg>]
<../images/motors/tires_3.jpg, id=386, 4641.34pt x 2613.765pt>
File: ../images/motors/tires_3.jpg Graphic file (type jpg)
<use ../images/motors/tires_3.jpg>
Package pdftex.def Info: ../images/motors/tires_3.jpg  used on input line 278.
(pdftex.def)             Requested size: 324.927pt x 182.98224pt.

Overfull \hbox (17.63713pt too wide) in paragraph at lines 278--278
 [][] 
 []

[13

 <../images/motors/tires_3.jpg>] [14

] [15

]
<../images/sensors/camera_1.jpg, id=469, 4015.0pt x 2260.445pt>
File: ../images/sensors/camera_1.jpg Graphic file (type jpg)
<use ../images/sensors/camera_1.jpg>
Package pdftex.def Info: ../images/sensors/camera_1.jpg  used on input line 326
.
(pdftex.def)             Requested size: 160.57265pt x 90.40239pt.

Overfull \hbox (6.92772pt too wide) in paragraph at lines 326--326
 [] 
 []

<../images/sensors/camera_2.jpg, id=470, 4015.0pt x 2260.445pt>
File: ../images/sensors/camera_2.jpg Graphic file (type jpg)
<use ../images/sensors/camera_2.jpg>
Package pdftex.def Info: ../images/sensors/camera_2.jpg  used on input line 326
.
(pdftex.def)             Requested size: 160.57265pt x 90.40239pt.

Overfull \hbox (6.92772pt too wide) in paragraph at lines 326--326
 [] 
 []

[16

 <../images/sensors/camera_1.jpg> <../images/sensors/camera_2.jpg>] [17

]
<../images/sensors/tof_1.jpg, id=526, 2569.6pt x 1445.4pt>
File: ../images/sensors/tof_1.jpg Graphic file (type jpg)
<use ../images/sensors/tof_1.jpg>
Package pdftex.def Info: ../images/sensors/tof_1.jpg  used on input line 348.
(pdftex.def)             Requested size: 205.5722pt x 115.63435pt.
<../images/sensors/tof_2.jpg, id=527, 2569.6pt x 1445.4pt>
File: ../images/sensors/tof_2.jpg Graphic file (type jpg)
<use ../images/sensors/tof_2.jpg>
Package pdftex.def Info: ../images/sensors/tof_2.jpg  used on input line 348.
(pdftex.def)             Requested size: 205.5722pt x 115.63435pt.

Overfull \vbox (10.85547pt too high) detected at line 348
 []

[18

 <../images/sensors/tof_1.jpg> <../images/sensors/tof_2.jpg>]
<../images/sensors/vl_01.png, id=555, 642.4pt x 481.8pt>
File: ../images/sensors/vl_01.png Graphic file (type png)
<use ../images/sensors/vl_01.png>
Package pdftex.def Info: ../images/sensors/vl_01.png  used on input line 357.
(pdftex.def)             Requested size: 256.95544pt x 192.71658pt.
 [19

 <../images/sensors/vl_01.png>]
<../images/sensors/laser.jpg, id=584, 1606.0pt x 1606.0pt>
File: ../images/sensors/laser.jpg Graphic file (type jpg)
<use ../images/sensors/laser.jpg>
Package pdftex.def Info: ../images/sensors/laser.jpg  used on input line 366.
(pdftex.def)             Requested size: 273.01639pt x 273.01639pt.

Overfull \vbox (35.87398pt too high) detected at line 366
 []

[20

 <../images/sensors/laser.jpg>] [21

] [22

]
<../diagrams/controll/control-pid.png, id=667, 310.761pt x 94.6737pt>
File: ../diagrams/controll/control-pid.png Graphic file (type png)
<use ../diagrams/controll/control-pid.png>
Package pdftex.def Info: ../diagrams/controll/control-pid.png  used on input li
ne 420.
(pdftex.def)             Requested size: 248.60913pt x 75.73904pt.
 [23

 <../diagrams/controll/control-pid.png>] [24

]
<../diagrams/controll/control-lqr_disc.png, id=727, 321.6015pt x 105.5142pt>
File: ../diagrams/controll/control-lqr_disc.png Graphic file (type png)
<use ../diagrams/controll/control-lqr_disc.png>
Package pdftex.def Info: ../diagrams/controll/control-lqr_disc.png  used on inp
ut line 461.
(pdftex.def)             Requested size: 257.28154pt x 84.41147pt.
 [25

 <../diagrams/controll/control-lqr_disc.png>]
<../diagrams/controll/control-lqg_discrete.png, id=757, 564.4287pt x 201.6333pt
>
File: ../diagrams/controll/control-lqg_discrete.png Graphic file (type png)
<use ../diagrams/controll/control-lqg_discrete.png>
Package pdftex.def Info: ../diagrams/controll/control-lqg_discrete.png  used on
 input line 470.
(pdftex.def)             Requested size: 338.65982pt x 120.9809pt.

Overfull \hbox (31.36995pt too wide) in paragraph at lines 470--470
[]  
 []

[26

 <../diagrams/controll/control-lqg_discrete.png>]
<../diagrams/controll/lqg_cpp.png, id=786, 714.67pt x 414.54875pt>
File: ../diagrams/controll/lqg_cpp.png Graphic file (type png)
<use ../diagrams/controll/lqg_cpp.png>
Package pdftex.def Info: ../diagrams/controll/lqg_cpp.png  used on input line 4
78.
(pdftex.def)             Requested size: 285.86293pt x 165.81656pt.
 [27

 <../diagrams/controll/lqg_cpp.png>]
<../diagrams/controll/control-mpc.png, id=815, 432.8973pt x 107.6823pt>
File: ../diagrams/controll/control-mpc.png Graphic file (type png)
<use ../diagrams/controll/control-mpc.png>
Package pdftex.def Info: ../diagrams/controll/control-mpc.png  used on input li
ne 493.
(pdftex.def)             Requested size: 259.74037pt x 64.60986pt.
 [28

 <../diagrams/controll/control-mpc.png>]
<../diagrams/robot_control/control-movement.png, id=845, 437.9562pt x 370.7451p
t>
File: ../diagrams/robot_control/control-movement.png Graphic file (type png)
<use ../diagrams/robot_control/control-movement.png>
Package pdftex.def Info: ../diagrams/robot_control/control-movement.png  used o
n input line 503.
(pdftex.def)             Requested size: 175.17937pt x 148.29541pt.
 [29

 <../diagrams/robot_control/control-movement.png>]
<../diagrams/robot_control/control-translation.png, id=874, 514.5624pt x 232.70
94pt>
File: ../diagrams/robot_control/control-translation.png Graphic file (type png)

<use ../diagrams/robot_control/control-translation.png>
Package pdftex.def Info: ../diagrams/robot_control/control-translation.png  use
d on input line 512.
(pdftex.def)             Requested size: 205.8213pt x 93.08209pt.
 [30

 <../diagrams/robot_control/control-translation.png>]
<../diagrams/robot_control/control-rotation.png, id=903, 344.0052pt x 255.8358p
t>
File: ../diagrams/robot_control/control-rotation.png Graphic file (type png)
<use ../diagrams/robot_control/control-rotation.png>
Package pdftex.def Info: ../diagrams/robot_control/control-rotation.png  used o
n input line 520.
(pdftex.def)             Requested size: 137.59962pt x 102.3325pt.
 [31

 <../diagrams/robot_control/control-rotation.png>] [32

]
<../diagrams/robot_control/control-overview.png, id=961, 642.4803pt x 151.0443p
t>
File: ../diagrams/robot_control/control-overview.png Graphic file (type png)
<use ../diagrams/robot_control/control-overview.png>
Package pdftex.def Info: ../diagrams/robot_control/control-overview.png  used o
n input line 563.
(pdftex.def)             Requested size: 256.98756pt x 60.41664pt.
 [33

 <../diagrams/robot_control/control-overview.png>]
<../images/motors/open_loop_response.png, id=990, 578.16pt x 289.08pt>
File: ../images/motors/open_loop_response.png Graphic file (type png)
<use ../images/motors/open_loop_response.png>
Package pdftex.def Info: ../images/motors/open_loop_response.png  used on input
 line 578.
(pdftex.def)             Requested size: 144.53964pt x 72.26982pt.
<../images/motors/closed_loop_response.png, id=991, 578.16pt x 433.62pt>
File: ../images/motors/closed_loop_response.png Graphic file (type png)
<use ../images/motors/closed_loop_response.png>
Package pdftex.def Info: ../images/motors/closed_loop_response.png  used on inp
ut line 578.
(pdftex.def)             Requested size: 144.53964pt x 108.40472pt.
 [34

 <../images/motors/open_loop_response.png> <../images/motors/closed_loop_respon
se.png>]
<../diagrams/robot_control/control-servo.png, id=1021, 479.8728pt x 279.6849pt>

File: ../diagrams/robot_control/control-servo.png Graphic file (type png)
<use ../diagrams/robot_control/control-servo.png>
Package pdftex.def Info: ../diagrams/robot_control/control-servo.png  used on i
nput line 587.
(pdftex.def)             Requested size: 239.9358pt x 139.8421pt.
 [35

 <../diagrams/robot_control/control-servo.png>]
<../diagrams/robot_control/control-lqr_pid.png, id=1050, 418.4433pt x 223.3143p
t>
File: ../diagrams/robot_control/control-lqr_pid.png Graphic file (type png)
<use ../diagrams/robot_control/control-lqr_pid.png>
Package pdftex.def Info: ../diagrams/robot_control/control-lqr_pid.png  used on
 input line 604.
(pdftex.def)             Requested size: 209.22113pt x 111.65686pt.
 [36

 <../diagrams/robot_control/control-lqr_pid.png>]
<../diagrams/robot_control/servo_control-lqr.png, id=1080, 688.0104pt x 281.853
pt>
File: ../diagrams/robot_control/servo_control-lqr.png Graphic file (type png)
<use ../diagrams/robot_control/servo_control-lqr.png>
Package pdftex.def Info: ../diagrams/robot_control/servo_control-lqr.png  used 
on input line 619.
(pdftex.def)             Requested size: 344.00436pt x 140.92615pt.

Overfull \hbox (36.7145pt too wide) in paragraph at lines 619--619
 [][] 
 []

[37

 <../diagrams/robot_control/servo_control-lqr.png>]
<../diagrams/identification/identification-system_dynamics.png, id=1111, 240.65
91pt x 58.5387pt>
File: ../diagrams/identification/identification-system_dynamics.png Graphic fil
e (type png)
<use ../diagrams/identification/identification-system_dynamics.png>
Package pdftex.def Info: ../diagrams/identification/identification-system_dynam
ics.png  used on input line 639.
(pdftex.def)             Requested size: 240.65851pt x 58.53854pt.
 [38

 <../diagrams/identification/identification-system_dynamics.png>]
<../images/kalman_tracking.png, id=1140, 716.9184pt x 395.3169pt>
File: ../images/kalman_tracking.png Graphic file (type png)
<use ../images/kalman_tracking.png>
Package pdftex.def Info: ../images/kalman_tracking.png  used on input line 656.

(pdftex.def)             Requested size: 215.07718pt x 118.59598pt.
 [39

 <../images/kalman_tracking.png>] [40

] [41

]
Overfull \hbox (22.27196pt too wide) detected at line 749
[]
 []

[42

] [43

]
<../diagrams/identification/identification-arange.png, id=1280, 393.1488pt x 23
9.2137pt>
File: ../diagrams/identification/identification-arange.png Graphic file (type p
ng)
<use ../diagrams/identification/identification-arange.png>
Package pdftex.def Info: ../diagrams/identification/identification-arange.png  
used on input line 785.
(pdftex.def)             Requested size: 196.57391pt x 119.60655pt.
 [44

 <../diagrams/identification/identification-arange.png>] [45

]
Overfull \hbox (27.26059pt too wide) detected at line 828
[]
 []

[46

]
Overfull \hbox (13.48018pt too wide) detected at line 848
[]
 []

[47

]
Overfull \hbox (20.91165pt too wide) detected at line 899
[]
 []

[48

]
Overfull \hbox (21.92444pt too wide) detected at line 932
[]
 []

[49

] [50

] [51

] [52

]
<../images/me.jpg, id=1528, 2162.0775pt x 2471.2325pt>
File: ../images/me.jpg Graphic file (type jpg)
<use ../images/me.jpg>
Package pdftex.def Info: ../images/me.jpg  used on input line 1013.
(pdftex.def)             Requested size: 172.96973pt x 197.70264pt.

Overfull \hbox (19.3248pt too wide) in paragraph at lines 1013--1013
 [][] 
 []

[53

 <../images/me.jpg>]
\tf@nav=\write6
\openout6 = `8_algorithms_for_line_follower.nav'.

\tf@toc=\write7
\openout7 = `8_algorithms_for_line_follower.toc'.

\tf@snm=\write8
\openout8 = `8_algorithms_for_line_follower.snm'.

 (./8_algorithms_for_line_follower.aux)
 ***********
LaTeX2e <2023-11-01> patch level 1
L3 programming layer <2024-02-20>
 ***********
Package rerunfilecheck Info: File `8_algorithms_for_line_follower.out' has not 
changed.
(rerunfilecheck)             Checksum: D41D8CD98F00B204E9800998ECF8427E;0.
 ) 
Here is how much of TeX's memory you used:
 21856 strings out of 475567
 430612 string characters out of 5777889
 1946187 words of memory out of 5000000
 43462 multiletter control sequences out of 15000+600000
 569999 words of font info for 80 fonts, out of 8000000 for 9000
 319 hyphenation exceptions out of 8191
 101i,15n,107p,425b,856s stack positions out of 10000i,1000n,20000p,200000b,200000s
</usr/local/texlive/2024basic/texmf-dist/fonts/type1/public/amsfonts/cm/cmex1
0.pfb></usr/local/texlive/2024basic/texmf-dist/fonts/type1/public/amsfonts/cm/c
mmi10.pfb></usr/local/texlive/2024basic/texmf-dist/fonts/type1/public/amsfonts/
cm/cmss10.pfb></usr/local/texlive/2024basic/texmf-dist/fonts/type1/public/amsfo
nts/cm/cmss12.pfb></usr/local/texlive/2024basic/texmf-dist/fonts/type1/public/a
msfonts/cm/cmss8.pfb></usr/local/texlive/2024basic/texmf-dist/fonts/type1/publi
c/amsfonts/cm/cmssbx10.pfb></usr/local/texlive/2024basic/texmf-dist/fonts/type1
/public/amsfonts/cm/cmssi10.pfb></usr/local/texlive/2024basic/texmf-dist/fonts/
type1/public/amsfonts/cm/cmssi8.pfb></usr/local/texlive/2024basic/texmf-dist/fo
nts/type1/public/amsfonts/cm/cmsy10.pfb></usr/local/texlive/2024basic/texmf-dis
t/fonts/type1/public/amsfonts/cm/cmsy8.pfb></usr/local/texlive/2024basic/texmf-
dist/fonts/type1/public/amsfonts/cm/cmtt10.pfb>
Output written on 8_algorithms_for_line_follower.pdf (53 pages, 46105576 bytes)
.
PDF statistics:
 1631 PDF objects out of 1728 (max. 8388607)
 1413 compressed objects within 15 object streams
 107 named destinations out of 1000 (max. 500000)
 274 words of extra memory for PDF output out of 10000 (max. 10000000)

